<?xml version="1.0" encoding="UTF-8"?>
<!-- Generated by org.testng.reporters.JUnitReportReporter -->
<testsuite hostname="DESKTOP-CJA0QNI" failures="0" tests="2" name="com.cgi.test.LoginTest" time="14.058" errors="0" timestamp="2024-08-29T17:41:46 IST" skipped="0">
  <testcase classname="com.cgi.test.LoginTest" name="invalidLoginTest" time="7.340"/>
  <testcase classname="com.cgi.test.LoginTest" name="invalidLoginTest" time="6.718"/>
</testsuite> <!-- com.cgi.test.LoginTest -->
