<?xml version="1.0" encoding="UTF-8"?>
<!-- Generated by org.testng.reporters.JUnitReportReporter -->
<testsuite hostname="DESKTOP-CJA0QNI" failures="0" tests="2" name="com.cgi.test.LoginTest" time="14.299" errors="0" timestamp="2024-08-30T13:52:20 IST" skipped="0">
  <testcase classname="com.cgi.test.LoginTest" name="invalidLoginTest" time="7.159"/>
  <testcase classname="com.cgi.test.LoginTest" name="invalidLoginTest" time="7.140"/>
</testsuite> <!-- com.cgi.test.LoginTest -->
