<?xml version="1.0" encoding="UTF-8"?>
<!-- Generated by org.testng.reporters.JUnitReportReporter -->
<testsuite hostname="DESKTOP-CJA0QNI" failures="0" tests="1" name="com.cgi.test.LoginUITest" time="8.048" errors="0" timestamp="2024-08-30T14:23:48 IST" skipped="0">
  <testcase classname="com.cgi.test.LoginUITest" name="titleTest" time="8.048"/>
</testsuite> <!-- com.cgi.test.LoginUITest -->
