<?xml version="1.0" encoding="UTF-8"?>
<!-- Generated by org.testng.reporters.JUnitReportReporter -->
<testsuite hostname="DESKTOP-CJA0QNI" failures="0" tests="2" name="com.cgi.test.LoginUITest" time="10.735" errors="0" timestamp="2024-08-29T16:08:07 IST" skipped="0">
  <testcase classname="com.cgi.test.LoginUITest" name="titleTest" time="4.830"/>
  <testcase classname="com.cgi.test.LoginUITest" name="loginHeaderTest" time="5.905"/>
</testsuite> <!-- com.cgi.test.LoginUITest -->
