<?xml version="1.0" encoding="UTF-8"?>
<!-- Generated by org.testng.reporters.JUnitReportReporter -->
<testsuite hostname="DESKTOP-CJA0QNI" failures="0" tests="2" name="com.cgi.runner.RunnerTest" time="30.918" errors="0" timestamp="2024-08-30T17:52:13 IST" skipped="0">
  <testcase classname="com.cgi.runner.RunnerTest" name="runScenario" time="16.233"/>
  <testcase classname="com.cgi.runner.RunnerTest" name="runScenario" time="14.685"/>
</testsuite> <!-- com.cgi.runner.RunnerTest -->
