<?xml version="1.0" encoding="UTF-8"?>
<!-- Generated by org.testng.reporters.JUnitReportReporter -->
<testsuite hostname="DESKTOP-CJA0QNI" failures="0" tests="2" name="com.cgi.runner.RunnerTest" time="0.123" errors="0" timestamp="2024-08-30T17:08:50 IST" skipped="0">
  <testcase classname="com.cgi.runner.RunnerTest" name="runScenario" time="0.108"/>
  <testcase classname="com.cgi.runner.RunnerTest" name="runScenario" time="0.015"/>
</testsuite> <!-- com.cgi.runner.RunnerTest -->
