<?xml version="1.0" encoding="UTF-8"?>
<!-- Generated by org.testng.reporters.JUnitReportReporter -->
<testsuite hostname="DESKTOP-CJA0QNI" failures="0" tests="2" name="com.cgi.test.LoginTest" time="14.360" errors="0" timestamp="2024-08-29T18:31:54 IST" skipped="0">
  <testcase classname="com.cgi.test.LoginTest" name="invalidLoginTest" time="7.396"/>
  <testcase classname="com.cgi.test.LoginTest" name="invalidLoginTest" time="6.964"/>
</testsuite> <!-- com.cgi.test.LoginTest -->
