<?xml version="1.0" encoding="UTF-8"?>
<!-- Generated by org.testng.reporters.JUnitReportReporter -->
<testsuite hostname="DESKTOP-CJA0QNI" failures="0" tests="1" name="com.cgi.runner.RunnerTest" time="10.217" errors="0" timestamp="2024-08-30T17:30:23 IST" skipped="0">
  <testcase classname="com.cgi.runner.RunnerTest" name="runScenario" time="10.217"/>
</testsuite> <!-- com.cgi.runner.RunnerTest -->
