<?xml version="1.0" encoding="UTF-8"?>
<!-- Generated by org.testng.reporters.JUnitReportReporter -->
<testsuite hostname="DESKTOP-CJA0QNI" failures="0" tests="3" name="com.cgi.test.ZDemoTest" time="0.008" errors="0" timestamp="2024-08-29T17:07:06 IST" skipped="0">
  <testcase classname="com.cgi.test.ZDemoTest" name="validTest" time="0.001"/>
  <testcase classname="com.cgi.test.ZDemoTest" name="validTest" time="0.001"/>
  <testcase classname="com.cgi.test.ZDemoTest" name="validTest" time="0.006"/>
</testsuite> <!-- com.cgi.test.ZDemoTest -->
